Using default config.
Using config: {'_model_dir': './saved_model/lstm_crf/model', '_tf_random_seed': None, '_save_summary_steps': 100, '_save_checkpoints_steps': None, '_save_checkpoints_secs': 600, '_session_config': allow_soft_placement: true
graph_options {
  rewrite_options {
    meta_optimizer_iterations: ONE
  }
}
, '_keep_checkpoint_max': 5, '_keep_checkpoint_every_n_hours': 10000, '_log_step_count_steps': 100, '_train_distribute': None, '_device_fn': None, '_protocol': None, '_eval_distribute': None, '_experimental_distribute': None, '_service': None, '_cluster_spec': <tensorflow.python.training.server_lib.ClusterSpec object at 0x7fcbec77bdd8>, '_task_type': 'worker', '_task_id': 0, '_global_id_in_cluster': 0, '_master': '', '_evaluation_master': '', '_is_chief': True, '_num_ps_replicas': 0, '_num_worker_replicas': 1}
From /Users/yanglingqin/opt/anaconda3/envs/capstone_lstm/lib/python3.6/site-packages/tensorflow/python/framework/op_def_library.py:263: colocate_with (from tensorflow.python.framework.ops) is deprecated and will be removed in a future version.
Instructions for updating:
Colocations handled automatically by placer.
From /Users/yanglingqin/opt/anaconda3/envs/capstone_lstm/lib/python3.6/site-packages/tensorflow/python/data/ops/dataset_ops.py:429: py_func (from tensorflow.python.ops.script_ops) is deprecated and will be removed in a future version.
Instructions for updating:
tf.py_func is deprecated in TF V2. Instead, use
    tf.py_function, which takes a python function which manipulates tf eager
    tensors instead of numpy arrays. It's easy to convert a tf eager tensor to
    an ndarray (just call tensor.numpy()) but having access to eager tensors
    means `tf.py_function`s can use accelerators such as GPUs as well as
    being differentiable using a gradient tape.
    
Calling model_fn.
From /Users/yanglingqin/Desktop/github/YoutubeRx/MER/Model/LSTM_CRF/train_model.py:100: dropout (from tensorflow.python.layers.core) is deprecated and will be removed in a future version.
Instructions for updating:
Use keras.layers.dropout instead.
From /Users/yanglingqin/opt/anaconda3/envs/capstone_lstm/lib/python3.6/site-packages/tensorflow/contrib/rnn/python/ops/lstm_ops.py:696: to_int64 (from tensorflow.python.ops.math_ops) is deprecated and will be removed in a future version.
Instructions for updating:
Use tf.cast instead.
From /Users/yanglingqin/Desktop/github/YoutubeRx/MER/Model/LSTM_CRF/train_model.py:114: dense (from tensorflow.python.layers.core) is deprecated and will be removed in a future version.
Instructions for updating:
Use keras.layers.dense instead.
From /Users/yanglingqin/opt/anaconda3/envs/capstone_lstm/lib/python3.6/site-packages/tensorflow/contrib/crf/python/ops/crf.py:567: dynamic_rnn (from tensorflow.python.ops.rnn) is deprecated and will be removed in a future version.
Instructions for updating:
Please use `keras.layers.RNN(cell)`, which is equivalent to this API
From /Users/yanglingqin/opt/anaconda3/envs/capstone_lstm/lib/python3.6/site-packages/tensorflow/python/ops/rnn.py:626: to_int32 (from tensorflow.python.ops.math_ops) is deprecated and will be removed in a future version.
Instructions for updating:
Use tf.cast instead.
Done calling model_fn.
Graph was finalized.
From /Users/yanglingqin/opt/anaconda3/envs/capstone_lstm/lib/python3.6/site-packages/tensorflow/python/training/saver.py:1266: checkpoint_exists (from tensorflow.python.training.checkpoint_management) is deprecated and will be removed in a future version.
Instructions for updating:
Use standard file APIs to check for files with this prefix.
Restoring parameters from ./saved_model/lstm_crf/model/model.ckpt-10498
Running local_init_op.
Done running local_init_op.
Using default config.
Using config: {'_model_dir': './saved_model/lstm_crf/model', '_tf_random_seed': None, '_save_summary_steps': 100, '_save_checkpoints_steps': None, '_save_checkpoints_secs': 600, '_session_config': allow_soft_placement: true
graph_options {
  rewrite_options {
    meta_optimizer_iterations: ONE
  }
}
, '_keep_checkpoint_max': 5, '_keep_checkpoint_every_n_hours': 10000, '_log_step_count_steps': 100, '_train_distribute': None, '_device_fn': None, '_protocol': None, '_eval_distribute': None, '_experimental_distribute': None, '_service': None, '_cluster_spec': <tensorflow.python.training.server_lib.ClusterSpec object at 0x7ff34a6074e0>, '_task_type': 'worker', '_task_id': 0, '_global_id_in_cluster': 0, '_master': '', '_evaluation_master': '', '_is_chief': True, '_num_ps_replicas': 0, '_num_worker_replicas': 1}
From /Users/yanglingqin/opt/anaconda3/envs/capstone_lstm/lib/python3.6/site-packages/tensorflow/python/framework/op_def_library.py:263: colocate_with (from tensorflow.python.framework.ops) is deprecated and will be removed in a future version.
Instructions for updating:
Colocations handled automatically by placer.
From /Users/yanglingqin/opt/anaconda3/envs/capstone_lstm/lib/python3.6/site-packages/tensorflow/python/data/ops/dataset_ops.py:429: py_func (from tensorflow.python.ops.script_ops) is deprecated and will be removed in a future version.
Instructions for updating:
tf.py_func is deprecated in TF V2. Instead, use
    tf.py_function, which takes a python function which manipulates tf eager
    tensors instead of numpy arrays. It's easy to convert a tf eager tensor to
    an ndarray (just call tensor.numpy()) but having access to eager tensors
    means `tf.py_function`s can use accelerators such as GPUs as well as
    being differentiable using a gradient tape.
    
Calling model_fn.
From /Users/yanglingqin/Desktop/github/YoutubeRx/MER/Model/LSTM_CRF/train_model.py:100: dropout (from tensorflow.python.layers.core) is deprecated and will be removed in a future version.
Instructions for updating:
Use keras.layers.dropout instead.
From /Users/yanglingqin/opt/anaconda3/envs/capstone_lstm/lib/python3.6/site-packages/tensorflow/contrib/rnn/python/ops/lstm_ops.py:696: to_int64 (from tensorflow.python.ops.math_ops) is deprecated and will be removed in a future version.
Instructions for updating:
Use tf.cast instead.
From /Users/yanglingqin/Desktop/github/YoutubeRx/MER/Model/LSTM_CRF/train_model.py:114: dense (from tensorflow.python.layers.core) is deprecated and will be removed in a future version.
Instructions for updating:
Use keras.layers.dense instead.
From /Users/yanglingqin/opt/anaconda3/envs/capstone_lstm/lib/python3.6/site-packages/tensorflow/contrib/crf/python/ops/crf.py:567: dynamic_rnn (from tensorflow.python.ops.rnn) is deprecated and will be removed in a future version.
Instructions for updating:
Please use `keras.layers.RNN(cell)`, which is equivalent to this API
From /Users/yanglingqin/opt/anaconda3/envs/capstone_lstm/lib/python3.6/site-packages/tensorflow/python/ops/rnn.py:626: to_int32 (from tensorflow.python.ops.math_ops) is deprecated and will be removed in a future version.
Instructions for updating:
Use tf.cast instead.
Done calling model_fn.
Graph was finalized.
From /Users/yanglingqin/opt/anaconda3/envs/capstone_lstm/lib/python3.6/site-packages/tensorflow/python/training/saver.py:1266: checkpoint_exists (from tensorflow.python.training.checkpoint_management) is deprecated and will be removed in a future version.
Instructions for updating:
Use standard file APIs to check for files with this prefix.
Restoring parameters from ./saved_model/lstm_crf/model/model.ckpt-10498
Running local_init_op.
Done running local_init_op.
Using default config.
Using config: {'_model_dir': './saved_model/lstm_crf/model', '_tf_random_seed': None, '_save_summary_steps': 100, '_save_checkpoints_steps': None, '_save_checkpoints_secs': 600, '_session_config': allow_soft_placement: true
graph_options {
  rewrite_options {
    meta_optimizer_iterations: ONE
  }
}
, '_keep_checkpoint_max': 5, '_keep_checkpoint_every_n_hours': 10000, '_log_step_count_steps': 100, '_train_distribute': None, '_device_fn': None, '_protocol': None, '_eval_distribute': None, '_experimental_distribute': None, '_service': None, '_cluster_spec': <tensorflow.python.training.server_lib.ClusterSpec object at 0x7fa50d67bda0>, '_task_type': 'worker', '_task_id': 0, '_global_id_in_cluster': 0, '_master': '', '_evaluation_master': '', '_is_chief': True, '_num_ps_replicas': 0, '_num_worker_replicas': 1}
From /Users/yanglingqin/opt/anaconda3/envs/capstone_lstm/lib/python3.6/site-packages/tensorflow/python/framework/op_def_library.py:263: colocate_with (from tensorflow.python.framework.ops) is deprecated and will be removed in a future version.
Instructions for updating:
Colocations handled automatically by placer.
From /Users/yanglingqin/opt/anaconda3/envs/capstone_lstm/lib/python3.6/site-packages/tensorflow/python/data/ops/dataset_ops.py:429: py_func (from tensorflow.python.ops.script_ops) is deprecated and will be removed in a future version.
Instructions for updating:
tf.py_func is deprecated in TF V2. Instead, use
    tf.py_function, which takes a python function which manipulates tf eager
    tensors instead of numpy arrays. It's easy to convert a tf eager tensor to
    an ndarray (just call tensor.numpy()) but having access to eager tensors
    means `tf.py_function`s can use accelerators such as GPUs as well as
    being differentiable using a gradient tape.
    
Calling model_fn.
From /Users/yanglingqin/Desktop/github/YoutubeRx/MER/Model/LSTM_CRF/train_model.py:100: dropout (from tensorflow.python.layers.core) is deprecated and will be removed in a future version.
Instructions for updating:
Use keras.layers.dropout instead.
From /Users/yanglingqin/opt/anaconda3/envs/capstone_lstm/lib/python3.6/site-packages/tensorflow/contrib/rnn/python/ops/lstm_ops.py:696: to_int64 (from tensorflow.python.ops.math_ops) is deprecated and will be removed in a future version.
Instructions for updating:
Use tf.cast instead.
From /Users/yanglingqin/Desktop/github/YoutubeRx/MER/Model/LSTM_CRF/train_model.py:114: dense (from tensorflow.python.layers.core) is deprecated and will be removed in a future version.
Instructions for updating:
Use keras.layers.dense instead.
From /Users/yanglingqin/opt/anaconda3/envs/capstone_lstm/lib/python3.6/site-packages/tensorflow/contrib/crf/python/ops/crf.py:567: dynamic_rnn (from tensorflow.python.ops.rnn) is deprecated and will be removed in a future version.
Instructions for updating:
Please use `keras.layers.RNN(cell)`, which is equivalent to this API
From /Users/yanglingqin/opt/anaconda3/envs/capstone_lstm/lib/python3.6/site-packages/tensorflow/python/ops/rnn.py:626: to_int32 (from tensorflow.python.ops.math_ops) is deprecated and will be removed in a future version.
Instructions for updating:
Use tf.cast instead.
Done calling model_fn.
Graph was finalized.
From /Users/yanglingqin/opt/anaconda3/envs/capstone_lstm/lib/python3.6/site-packages/tensorflow/python/training/saver.py:1266: checkpoint_exists (from tensorflow.python.training.checkpoint_management) is deprecated and will be removed in a future version.
Instructions for updating:
Use standard file APIs to check for files with this prefix.
Restoring parameters from ./saved_model/lstm_crf/model/model.ckpt-10498
Running local_init_op.
Done running local_init_op.
Using default config.
Using config: {'_model_dir': './saved_model/lstm_crf/model', '_tf_random_seed': None, '_save_summary_steps': 100, '_save_checkpoints_steps': None, '_save_checkpoints_secs': 600, '_session_config': allow_soft_placement: true
graph_options {
  rewrite_options {
    meta_optimizer_iterations: ONE
  }
}
, '_keep_checkpoint_max': 5, '_keep_checkpoint_every_n_hours': 10000, '_log_step_count_steps': 100, '_train_distribute': None, '_device_fn': None, '_protocol': None, '_eval_distribute': None, '_experimental_distribute': None, '_service': None, '_cluster_spec': <tensorflow.python.training.server_lib.ClusterSpec object at 0x7fe2d75fdda0>, '_task_type': 'worker', '_task_id': 0, '_global_id_in_cluster': 0, '_master': '', '_evaluation_master': '', '_is_chief': True, '_num_ps_replicas': 0, '_num_worker_replicas': 1}
From /Users/yanglingqin/opt/anaconda3/envs/capstone_lstm/lib/python3.6/site-packages/tensorflow/python/framework/op_def_library.py:263: colocate_with (from tensorflow.python.framework.ops) is deprecated and will be removed in a future version.
Instructions for updating:
Colocations handled automatically by placer.
From /Users/yanglingqin/opt/anaconda3/envs/capstone_lstm/lib/python3.6/site-packages/tensorflow/python/data/ops/dataset_ops.py:429: py_func (from tensorflow.python.ops.script_ops) is deprecated and will be removed in a future version.
Instructions for updating:
tf.py_func is deprecated in TF V2. Instead, use
    tf.py_function, which takes a python function which manipulates tf eager
    tensors instead of numpy arrays. It's easy to convert a tf eager tensor to
    an ndarray (just call tensor.numpy()) but having access to eager tensors
    means `tf.py_function`s can use accelerators such as GPUs as well as
    being differentiable using a gradient tape.
    
Calling model_fn.
From /Users/yanglingqin/Desktop/github/YoutubeRx/MER/Model/LSTM_CRF/train_model.py:100: dropout (from tensorflow.python.layers.core) is deprecated and will be removed in a future version.
Instructions for updating:
Use keras.layers.dropout instead.
From /Users/yanglingqin/opt/anaconda3/envs/capstone_lstm/lib/python3.6/site-packages/tensorflow/contrib/rnn/python/ops/lstm_ops.py:696: to_int64 (from tensorflow.python.ops.math_ops) is deprecated and will be removed in a future version.
Instructions for updating:
Use tf.cast instead.
From /Users/yanglingqin/Desktop/github/YoutubeRx/MER/Model/LSTM_CRF/train_model.py:114: dense (from tensorflow.python.layers.core) is deprecated and will be removed in a future version.
Instructions for updating:
Use keras.layers.dense instead.
From /Users/yanglingqin/opt/anaconda3/envs/capstone_lstm/lib/python3.6/site-packages/tensorflow/contrib/crf/python/ops/crf.py:567: dynamic_rnn (from tensorflow.python.ops.rnn) is deprecated and will be removed in a future version.
Instructions for updating:
Please use `keras.layers.RNN(cell)`, which is equivalent to this API
From /Users/yanglingqin/opt/anaconda3/envs/capstone_lstm/lib/python3.6/site-packages/tensorflow/python/ops/rnn.py:626: to_int32 (from tensorflow.python.ops.math_ops) is deprecated and will be removed in a future version.
Instructions for updating:
Use tf.cast instead.
Done calling model_fn.
Graph was finalized.
From /Users/yanglingqin/opt/anaconda3/envs/capstone_lstm/lib/python3.6/site-packages/tensorflow/python/training/saver.py:1266: checkpoint_exists (from tensorflow.python.training.checkpoint_management) is deprecated and will be removed in a future version.
Instructions for updating:
Use standard file APIs to check for files with this prefix.
Restoring parameters from ./saved_model/lstm_crf/model/model.ckpt-10498
Running local_init_op.
Done running local_init_op.
Using default config.
Using config: {'_model_dir': './saved_model/lstm_crf/model', '_tf_random_seed': None, '_save_summary_steps': 100, '_save_checkpoints_steps': None, '_save_checkpoints_secs': 600, '_session_config': allow_soft_placement: true
graph_options {
  rewrite_options {
    meta_optimizer_iterations: ONE
  }
}
, '_keep_checkpoint_max': 5, '_keep_checkpoint_every_n_hours': 10000, '_log_step_count_steps': 100, '_train_distribute': None, '_device_fn': None, '_protocol': None, '_eval_distribute': None, '_experimental_distribute': None, '_service': None, '_cluster_spec': <tensorflow.python.training.server_lib.ClusterSpec object at 0x7fd0a5e47d30>, '_task_type': 'worker', '_task_id': 0, '_global_id_in_cluster': 0, '_master': '', '_evaluation_master': '', '_is_chief': True, '_num_ps_replicas': 0, '_num_worker_replicas': 1}
From /Users/yanglingqin/opt/anaconda3/envs/capstone_lstm/lib/python3.6/site-packages/tensorflow/python/framework/op_def_library.py:263: colocate_with (from tensorflow.python.framework.ops) is deprecated and will be removed in a future version.
Instructions for updating:
Colocations handled automatically by placer.
From /Users/yanglingqin/opt/anaconda3/envs/capstone_lstm/lib/python3.6/site-packages/tensorflow/python/data/ops/dataset_ops.py:429: py_func (from tensorflow.python.ops.script_ops) is deprecated and will be removed in a future version.
Instructions for updating:
tf.py_func is deprecated in TF V2. Instead, use
    tf.py_function, which takes a python function which manipulates tf eager
    tensors instead of numpy arrays. It's easy to convert a tf eager tensor to
    an ndarray (just call tensor.numpy()) but having access to eager tensors
    means `tf.py_function`s can use accelerators such as GPUs as well as
    being differentiable using a gradient tape.
    
Calling model_fn.
From /Users/yanglingqin/Desktop/github/YoutubeRx/MER/Model/LSTM_CRF/train_model.py:100: dropout (from tensorflow.python.layers.core) is deprecated and will be removed in a future version.
Instructions for updating:
Use keras.layers.dropout instead.
From /Users/yanglingqin/opt/anaconda3/envs/capstone_lstm/lib/python3.6/site-packages/tensorflow/contrib/rnn/python/ops/lstm_ops.py:696: to_int64 (from tensorflow.python.ops.math_ops) is deprecated and will be removed in a future version.
Instructions for updating:
Use tf.cast instead.
From /Users/yanglingqin/Desktop/github/YoutubeRx/MER/Model/LSTM_CRF/train_model.py:114: dense (from tensorflow.python.layers.core) is deprecated and will be removed in a future version.
Instructions for updating:
Use keras.layers.dense instead.
From /Users/yanglingqin/opt/anaconda3/envs/capstone_lstm/lib/python3.6/site-packages/tensorflow/contrib/crf/python/ops/crf.py:567: dynamic_rnn (from tensorflow.python.ops.rnn) is deprecated and will be removed in a future version.
Instructions for updating:
Please use `keras.layers.RNN(cell)`, which is equivalent to this API
From /Users/yanglingqin/opt/anaconda3/envs/capstone_lstm/lib/python3.6/site-packages/tensorflow/python/ops/rnn.py:626: to_int32 (from tensorflow.python.ops.math_ops) is deprecated and will be removed in a future version.
Instructions for updating:
Use tf.cast instead.
Done calling model_fn.
Graph was finalized.
From /Users/yanglingqin/opt/anaconda3/envs/capstone_lstm/lib/python3.6/site-packages/tensorflow/python/training/saver.py:1266: checkpoint_exists (from tensorflow.python.training.checkpoint_management) is deprecated and will be removed in a future version.
Instructions for updating:
Use standard file APIs to check for files with this prefix.
Restoring parameters from ./saved_model/lstm_crf/model/model.ckpt-10498
Running local_init_op.
Done running local_init_op.
Using default config.
Using config: {'_model_dir': './saved_model/lstm_crf/model', '_tf_random_seed': None, '_save_summary_steps': 100, '_save_checkpoints_steps': None, '_save_checkpoints_secs': 600, '_session_config': allow_soft_placement: true
graph_options {
  rewrite_options {
    meta_optimizer_iterations: ONE
  }
}
, '_keep_checkpoint_max': 5, '_keep_checkpoint_every_n_hours': 10000, '_log_step_count_steps': 100, '_train_distribute': None, '_device_fn': None, '_protocol': None, '_eval_distribute': None, '_experimental_distribute': None, '_service': None, '_cluster_spec': <tensorflow.python.training.server_lib.ClusterSpec object at 0x7feb5ce11d68>, '_task_type': 'worker', '_task_id': 0, '_global_id_in_cluster': 0, '_master': '', '_evaluation_master': '', '_is_chief': True, '_num_ps_replicas': 0, '_num_worker_replicas': 1}
From /Users/yanglingqin/opt/anaconda3/envs/capstone_lstm/lib/python3.6/site-packages/tensorflow/python/framework/op_def_library.py:263: colocate_with (from tensorflow.python.framework.ops) is deprecated and will be removed in a future version.
Instructions for updating:
Colocations handled automatically by placer.
From /Users/yanglingqin/opt/anaconda3/envs/capstone_lstm/lib/python3.6/site-packages/tensorflow/python/data/ops/dataset_ops.py:429: py_func (from tensorflow.python.ops.script_ops) is deprecated and will be removed in a future version.
Instructions for updating:
tf.py_func is deprecated in TF V2. Instead, use
    tf.py_function, which takes a python function which manipulates tf eager
    tensors instead of numpy arrays. It's easy to convert a tf eager tensor to
    an ndarray (just call tensor.numpy()) but having access to eager tensors
    means `tf.py_function`s can use accelerators such as GPUs as well as
    being differentiable using a gradient tape.
    
Calling model_fn.
From /Users/yanglingqin/Desktop/github/YoutubeRx/MER/Model/LSTM_CRF/train_model.py:100: dropout (from tensorflow.python.layers.core) is deprecated and will be removed in a future version.
Instructions for updating:
Use keras.layers.dropout instead.
From /Users/yanglingqin/opt/anaconda3/envs/capstone_lstm/lib/python3.6/site-packages/tensorflow/contrib/rnn/python/ops/lstm_ops.py:696: to_int64 (from tensorflow.python.ops.math_ops) is deprecated and will be removed in a future version.
Instructions for updating:
Use tf.cast instead.
From /Users/yanglingqin/Desktop/github/YoutubeRx/MER/Model/LSTM_CRF/train_model.py:114: dense (from tensorflow.python.layers.core) is deprecated and will be removed in a future version.
Instructions for updating:
Use keras.layers.dense instead.
From /Users/yanglingqin/opt/anaconda3/envs/capstone_lstm/lib/python3.6/site-packages/tensorflow/contrib/crf/python/ops/crf.py:567: dynamic_rnn (from tensorflow.python.ops.rnn) is deprecated and will be removed in a future version.
Instructions for updating:
Please use `keras.layers.RNN(cell)`, which is equivalent to this API
From /Users/yanglingqin/opt/anaconda3/envs/capstone_lstm/lib/python3.6/site-packages/tensorflow/python/ops/rnn.py:626: to_int32 (from tensorflow.python.ops.math_ops) is deprecated and will be removed in a future version.
Instructions for updating:
Use tf.cast instead.
Done calling model_fn.
Graph was finalized.
From /Users/yanglingqin/opt/anaconda3/envs/capstone_lstm/lib/python3.6/site-packages/tensorflow/python/training/saver.py:1266: checkpoint_exists (from tensorflow.python.training.checkpoint_management) is deprecated and will be removed in a future version.
Instructions for updating:
Use standard file APIs to check for files with this prefix.
Restoring parameters from ./saved_model/lstm_crf/model/model.ckpt-10498
Running local_init_op.
Done running local_init_op.
Using default config.
Using config: {'_model_dir': './saved_model/lstm_crf/model', '_tf_random_seed': None, '_save_summary_steps': 100, '_save_checkpoints_steps': None, '_save_checkpoints_secs': 600, '_session_config': allow_soft_placement: true
graph_options {
  rewrite_options {
    meta_optimizer_iterations: ONE
  }
}
, '_keep_checkpoint_max': 5, '_keep_checkpoint_every_n_hours': 10000, '_log_step_count_steps': 100, '_train_distribute': None, '_device_fn': None, '_protocol': None, '_eval_distribute': None, '_experimental_distribute': None, '_service': None, '_cluster_spec': <tensorflow.python.training.server_lib.ClusterSpec object at 0x7fe8a5e7bd68>, '_task_type': 'worker', '_task_id': 0, '_global_id_in_cluster': 0, '_master': '', '_evaluation_master': '', '_is_chief': True, '_num_ps_replicas': 0, '_num_worker_replicas': 1}
From /Users/yanglingqin/opt/anaconda3/envs/capstone_lstm/lib/python3.6/site-packages/tensorflow/python/framework/op_def_library.py:263: colocate_with (from tensorflow.python.framework.ops) is deprecated and will be removed in a future version.
Instructions for updating:
Colocations handled automatically by placer.
From /Users/yanglingqin/opt/anaconda3/envs/capstone_lstm/lib/python3.6/site-packages/tensorflow/python/data/ops/dataset_ops.py:429: py_func (from tensorflow.python.ops.script_ops) is deprecated and will be removed in a future version.
Instructions for updating:
tf.py_func is deprecated in TF V2. Instead, use
    tf.py_function, which takes a python function which manipulates tf eager
    tensors instead of numpy arrays. It's easy to convert a tf eager tensor to
    an ndarray (just call tensor.numpy()) but having access to eager tensors
    means `tf.py_function`s can use accelerators such as GPUs as well as
    being differentiable using a gradient tape.
    
Calling model_fn.
From /Users/yanglingqin/Desktop/github/YoutubeRx/MER/Model/LSTM_CRF/train_model.py:100: dropout (from tensorflow.python.layers.core) is deprecated and will be removed in a future version.
Instructions for updating:
Use keras.layers.dropout instead.
From /Users/yanglingqin/opt/anaconda3/envs/capstone_lstm/lib/python3.6/site-packages/tensorflow/contrib/rnn/python/ops/lstm_ops.py:696: to_int64 (from tensorflow.python.ops.math_ops) is deprecated and will be removed in a future version.
Instructions for updating:
Use tf.cast instead.
From /Users/yanglingqin/Desktop/github/YoutubeRx/MER/Model/LSTM_CRF/train_model.py:114: dense (from tensorflow.python.layers.core) is deprecated and will be removed in a future version.
Instructions for updating:
Use keras.layers.dense instead.
From /Users/yanglingqin/opt/anaconda3/envs/capstone_lstm/lib/python3.6/site-packages/tensorflow/contrib/crf/python/ops/crf.py:567: dynamic_rnn (from tensorflow.python.ops.rnn) is deprecated and will be removed in a future version.
Instructions for updating:
Please use `keras.layers.RNN(cell)`, which is equivalent to this API
From /Users/yanglingqin/opt/anaconda3/envs/capstone_lstm/lib/python3.6/site-packages/tensorflow/python/ops/rnn.py:626: to_int32 (from tensorflow.python.ops.math_ops) is deprecated and will be removed in a future version.
Instructions for updating:
Use tf.cast instead.
Done calling model_fn.
Graph was finalized.
From /Users/yanglingqin/opt/anaconda3/envs/capstone_lstm/lib/python3.6/site-packages/tensorflow/python/training/saver.py:1266: checkpoint_exists (from tensorflow.python.training.checkpoint_management) is deprecated and will be removed in a future version.
Instructions for updating:
Use standard file APIs to check for files with this prefix.
Restoring parameters from ./saved_model/lstm_crf/model/model.ckpt-10498
Running local_init_op.
Done running local_init_op.
Using default config.
Using config: {'_model_dir': './saved_model/lstm_crf/model', '_tf_random_seed': None, '_save_summary_steps': 100, '_save_checkpoints_steps': None, '_save_checkpoints_secs': 600, '_session_config': allow_soft_placement: true
graph_options {
  rewrite_options {
    meta_optimizer_iterations: ONE
  }
}
, '_keep_checkpoint_max': 5, '_keep_checkpoint_every_n_hours': 10000, '_log_step_count_steps': 100, '_train_distribute': None, '_device_fn': None, '_protocol': None, '_eval_distribute': None, '_experimental_distribute': None, '_service': None, '_cluster_spec': <tensorflow.python.training.server_lib.ClusterSpec object at 0x7fbc3873ad68>, '_task_type': 'worker', '_task_id': 0, '_global_id_in_cluster': 0, '_master': '', '_evaluation_master': '', '_is_chief': True, '_num_ps_replicas': 0, '_num_worker_replicas': 1}
From /Users/yanglingqin/opt/anaconda3/envs/capstone_lstm/lib/python3.6/site-packages/tensorflow/python/framework/op_def_library.py:263: colocate_with (from tensorflow.python.framework.ops) is deprecated and will be removed in a future version.
Instructions for updating:
Colocations handled automatically by placer.
From /Users/yanglingqin/opt/anaconda3/envs/capstone_lstm/lib/python3.6/site-packages/tensorflow/python/data/ops/dataset_ops.py:429: py_func (from tensorflow.python.ops.script_ops) is deprecated and will be removed in a future version.
Instructions for updating:
tf.py_func is deprecated in TF V2. Instead, use
    tf.py_function, which takes a python function which manipulates tf eager
    tensors instead of numpy arrays. It's easy to convert a tf eager tensor to
    an ndarray (just call tensor.numpy()) but having access to eager tensors
    means `tf.py_function`s can use accelerators such as GPUs as well as
    being differentiable using a gradient tape.
    
Calling model_fn.
From /Users/yanglingqin/Desktop/github/YoutubeRx/MER/Model/LSTM_CRF/train_model.py:100: dropout (from tensorflow.python.layers.core) is deprecated and will be removed in a future version.
Instructions for updating:
Use keras.layers.dropout instead.
From /Users/yanglingqin/opt/anaconda3/envs/capstone_lstm/lib/python3.6/site-packages/tensorflow/contrib/rnn/python/ops/lstm_ops.py:696: to_int64 (from tensorflow.python.ops.math_ops) is deprecated and will be removed in a future version.
Instructions for updating:
Use tf.cast instead.
From /Users/yanglingqin/Desktop/github/YoutubeRx/MER/Model/LSTM_CRF/train_model.py:114: dense (from tensorflow.python.layers.core) is deprecated and will be removed in a future version.
Instructions for updating:
Use keras.layers.dense instead.
From /Users/yanglingqin/opt/anaconda3/envs/capstone_lstm/lib/python3.6/site-packages/tensorflow/contrib/crf/python/ops/crf.py:567: dynamic_rnn (from tensorflow.python.ops.rnn) is deprecated and will be removed in a future version.
Instructions for updating:
Please use `keras.layers.RNN(cell)`, which is equivalent to this API
From /Users/yanglingqin/opt/anaconda3/envs/capstone_lstm/lib/python3.6/site-packages/tensorflow/python/ops/rnn.py:626: to_int32 (from tensorflow.python.ops.math_ops) is deprecated and will be removed in a future version.
Instructions for updating:
Use tf.cast instead.
Done calling model_fn.
Graph was finalized.
From /Users/yanglingqin/opt/anaconda3/envs/capstone_lstm/lib/python3.6/site-packages/tensorflow/python/training/saver.py:1266: checkpoint_exists (from tensorflow.python.training.checkpoint_management) is deprecated and will be removed in a future version.
Instructions for updating:
Use standard file APIs to check for files with this prefix.
Restoring parameters from ./saved_model/lstm_crf/model/model.ckpt-10498
Running local_init_op.
Done running local_init_op.
Using default config.
Using config: {'_model_dir': './saved_model/lstm_crf/model', '_tf_random_seed': None, '_save_summary_steps': 100, '_save_checkpoints_steps': None, '_save_checkpoints_secs': 600, '_session_config': allow_soft_placement: true
graph_options {
  rewrite_options {
    meta_optimizer_iterations: ONE
  }
}
, '_keep_checkpoint_max': 5, '_keep_checkpoint_every_n_hours': 10000, '_log_step_count_steps': 100, '_train_distribute': None, '_device_fn': None, '_protocol': None, '_eval_distribute': None, '_experimental_distribute': None, '_service': None, '_cluster_spec': <tensorflow.python.training.server_lib.ClusterSpec object at 0x7f8913e7bd68>, '_task_type': 'worker', '_task_id': 0, '_global_id_in_cluster': 0, '_master': '', '_evaluation_master': '', '_is_chief': True, '_num_ps_replicas': 0, '_num_worker_replicas': 1}
From /Users/yanglingqin/opt/anaconda3/envs/capstone_lstm/lib/python3.6/site-packages/tensorflow/python/framework/op_def_library.py:263: colocate_with (from tensorflow.python.framework.ops) is deprecated and will be removed in a future version.
Instructions for updating:
Colocations handled automatically by placer.
From /Users/yanglingqin/opt/anaconda3/envs/capstone_lstm/lib/python3.6/site-packages/tensorflow/python/data/ops/dataset_ops.py:429: py_func (from tensorflow.python.ops.script_ops) is deprecated and will be removed in a future version.
Instructions for updating:
tf.py_func is deprecated in TF V2. Instead, use
    tf.py_function, which takes a python function which manipulates tf eager
    tensors instead of numpy arrays. It's easy to convert a tf eager tensor to
    an ndarray (just call tensor.numpy()) but having access to eager tensors
    means `tf.py_function`s can use accelerators such as GPUs as well as
    being differentiable using a gradient tape.
    
Calling model_fn.
From /Users/yanglingqin/Desktop/github/YoutubeRx/MER/Model/LSTM_CRF/train_model.py:100: dropout (from tensorflow.python.layers.core) is deprecated and will be removed in a future version.
Instructions for updating:
Use keras.layers.dropout instead.
From /Users/yanglingqin/opt/anaconda3/envs/capstone_lstm/lib/python3.6/site-packages/tensorflow/contrib/rnn/python/ops/lstm_ops.py:696: to_int64 (from tensorflow.python.ops.math_ops) is deprecated and will be removed in a future version.
Instructions for updating:
Use tf.cast instead.
From /Users/yanglingqin/Desktop/github/YoutubeRx/MER/Model/LSTM_CRF/train_model.py:114: dense (from tensorflow.python.layers.core) is deprecated and will be removed in a future version.
Instructions for updating:
Use keras.layers.dense instead.
From /Users/yanglingqin/opt/anaconda3/envs/capstone_lstm/lib/python3.6/site-packages/tensorflow/contrib/crf/python/ops/crf.py:567: dynamic_rnn (from tensorflow.python.ops.rnn) is deprecated and will be removed in a future version.
Instructions for updating:
Please use `keras.layers.RNN(cell)`, which is equivalent to this API
From /Users/yanglingqin/opt/anaconda3/envs/capstone_lstm/lib/python3.6/site-packages/tensorflow/python/ops/rnn.py:626: to_int32 (from tensorflow.python.ops.math_ops) is deprecated and will be removed in a future version.
Instructions for updating:
Use tf.cast instead.
Done calling model_fn.
Graph was finalized.
From /Users/yanglingqin/opt/anaconda3/envs/capstone_lstm/lib/python3.6/site-packages/tensorflow/python/training/saver.py:1266: checkpoint_exists (from tensorflow.python.training.checkpoint_management) is deprecated and will be removed in a future version.
Instructions for updating:
Use standard file APIs to check for files with this prefix.
Restoring parameters from ./saved_model/lstm_crf/model/model.ckpt-10498
Running local_init_op.
Done running local_init_op.
Using default config.
Using config: {'_model_dir': './saved_model/lstm_crf/model', '_tf_random_seed': None, '_save_summary_steps': 100, '_save_checkpoints_steps': None, '_save_checkpoints_secs': 600, '_session_config': allow_soft_placement: true
graph_options {
  rewrite_options {
    meta_optimizer_iterations: ONE
  }
}
, '_keep_checkpoint_max': 5, '_keep_checkpoint_every_n_hours': 10000, '_log_step_count_steps': 100, '_train_distribute': None, '_device_fn': None, '_protocol': None, '_eval_distribute': None, '_experimental_distribute': None, '_service': None, '_cluster_spec': <tensorflow.python.training.server_lib.ClusterSpec object at 0x7fb406e08da0>, '_task_type': 'worker', '_task_id': 0, '_global_id_in_cluster': 0, '_master': '', '_evaluation_master': '', '_is_chief': True, '_num_ps_replicas': 0, '_num_worker_replicas': 1}
From /Users/yanglingqin/opt/anaconda3/envs/capstone_lstm/lib/python3.6/site-packages/tensorflow/python/framework/op_def_library.py:263: colocate_with (from tensorflow.python.framework.ops) is deprecated and will be removed in a future version.
Instructions for updating:
Colocations handled automatically by placer.
From /Users/yanglingqin/opt/anaconda3/envs/capstone_lstm/lib/python3.6/site-packages/tensorflow/python/data/ops/dataset_ops.py:429: py_func (from tensorflow.python.ops.script_ops) is deprecated and will be removed in a future version.
Instructions for updating:
tf.py_func is deprecated in TF V2. Instead, use
    tf.py_function, which takes a python function which manipulates tf eager
    tensors instead of numpy arrays. It's easy to convert a tf eager tensor to
    an ndarray (just call tensor.numpy()) but having access to eager tensors
    means `tf.py_function`s can use accelerators such as GPUs as well as
    being differentiable using a gradient tape.
    
Calling model_fn.
From /Users/yanglingqin/Desktop/github/YoutubeRx/MER/Model/LSTM_CRF/train_model.py:100: dropout (from tensorflow.python.layers.core) is deprecated and will be removed in a future version.
Instructions for updating:
Use keras.layers.dropout instead.
From /Users/yanglingqin/opt/anaconda3/envs/capstone_lstm/lib/python3.6/site-packages/tensorflow/contrib/rnn/python/ops/lstm_ops.py:696: to_int64 (from tensorflow.python.ops.math_ops) is deprecated and will be removed in a future version.
Instructions for updating:
Use tf.cast instead.
From /Users/yanglingqin/Desktop/github/YoutubeRx/MER/Model/LSTM_CRF/train_model.py:114: dense (from tensorflow.python.layers.core) is deprecated and will be removed in a future version.
Instructions for updating:
Use keras.layers.dense instead.
From /Users/yanglingqin/opt/anaconda3/envs/capstone_lstm/lib/python3.6/site-packages/tensorflow/contrib/crf/python/ops/crf.py:567: dynamic_rnn (from tensorflow.python.ops.rnn) is deprecated and will be removed in a future version.
Instructions for updating:
Please use `keras.layers.RNN(cell)`, which is equivalent to this API
From /Users/yanglingqin/opt/anaconda3/envs/capstone_lstm/lib/python3.6/site-packages/tensorflow/python/ops/rnn.py:626: to_int32 (from tensorflow.python.ops.math_ops) is deprecated and will be removed in a future version.
Instructions for updating:
Use tf.cast instead.
Done calling model_fn.
Graph was finalized.
From /Users/yanglingqin/opt/anaconda3/envs/capstone_lstm/lib/python3.6/site-packages/tensorflow/python/training/saver.py:1266: checkpoint_exists (from tensorflow.python.training.checkpoint_management) is deprecated and will be removed in a future version.
Instructions for updating:
Use standard file APIs to check for files with this prefix.
Restoring parameters from ./saved_model/lstm_crf/model/model.ckpt-10498
Running local_init_op.
Done running local_init_op.
